<?xml version="1.0" encoding="UTF-8"?>
<!-- Generated by org.testng.reporters.JUnitReportReporter -->
<testsuite hostname="LAPTOP-BKF1645O" failures="0" tests="1" name="com.inetBanking.testcases.HomeTC_001" time="42.995" errors="0" timestamp="2023-07-08T10:08:44 IST" skipped="0">
  <testcase classname="com.inetBanking.testcases.HomeTC_001" name="verifyLogoutFunctionality" time="42.995"/>
  <system-out/>
</testsuite> <!-- com.inetBanking.testcases.HomeTC_001 -->
