<?xml version="1.0" encoding="UTF-8"?>
<!-- Generated by org.testng.reporters.JUnitReportReporter -->
<testsuite hostname="LAPTOP-BKF1645O" failures="0" tests="1" name="com.inetBanking.testcases.LoginTC_003" time="1.422" errors="0" timestamp="2023-06-29T09:23:11 IST" skipped="0">
  <testcase classname="com.inetBanking.testcases.LoginTC_003" name="verifyLoginFunctionalityTC_003" time="1.422"/>
  <system-out/>
</testsuite> <!-- com.inetBanking.testcases.LoginTC_003 -->
