<?xml version="1.0" encoding="UTF-8"?>
<!-- Generated by org.testng.reporters.JUnitReportReporter -->
<testsuite hostname="LAPTOP-BKF1645O" failures="0" tests="1" name="com.inetBanking.testcases.LoginTC_001" time="1.219" errors="0" timestamp="2023-06-25T09:57:47 IST" skipped="0">
  <testcase classname="com.inetBanking.testcases.LoginTC_001" name="verifyLoginFunctionalityTC_002" time="1.219"/>
  <system-out/>
</testsuite> <!-- com.inetBanking.testcases.LoginTC_001 -->
